<?xml version="1.0" encoding="UTF-8"?>
<!-- Generated by org.testng.reporters.JUnitReportReporter -->
<testsuite hostname="DESKTOP-V2F8GJI" failures="0" tests="1" name="com.qa.utility.TakeScreenshot" time="0.455" errors="0" timestamp="2022-07-17T17:47:59 ART" skipped="0">
  <testcase classname="com.qa.utility.TakeScreenshot" name="takeScreenshot" time="0.455"/>
  <system-out/>
</testsuite> <!-- com.qa.utility.TakeScreenshot -->
